<?xml version="1.0" encoding="UTF-8"?>
<testng-results skipped="0" failed="0" ignored="0" total="1" passed="1">
  <reporter-output>
  </reporter-output>
  <suite name="com.itcast.AppTest" duration-ms="52" started-at="2020-03-07T05:02:39 CST" finished-at="2020-03-07T05:02:39 CST">
    <groups>
    </groups>
    <test name="Command line test" duration-ms="52" started-at="2020-03-07T05:02:39 CST" finished-at="2020-03-07T05:02:39 CST">
      <class name="com.itcast.AppTest">
        <test-method status="PASS" signature="shouldAnswerWithTrue()[pri:0, instance:com.itcast.AppTest@224edc67]" name="shouldAnswerWithTrue" duration-ms="7" started-at="2020-03-07T05:02:39 CST" finished-at="2020-03-07T05:02:39 CST">
          <reporter-output>
          </reporter-output>
        </test-method> <!-- shouldAnswerWithTrue -->
      </class> <!-- com.itcast.AppTest -->
    </test> <!-- Command line test -->
  </suite> <!-- com.itcast.AppTest -->
</testng-results>
